#
# There is insufficient memory for the Java Runtime Environment to continue.
# Native memory allocation (malloc) failed to allocate 1048576 bytes. Error detail: AllocateHeap
# Possible reasons:
#   The system is out of physical RAM or swap space
#   This process is running with CompressedOops enabled, and the Java Heap may be blocking the growth of the native heap
# Possible solutions:
#   Reduce memory load on the system
#   Increase physical memory or swap space
#   Check if swap backing store is full
#   Decrease Java heap size (-Xmx/-Xms)
#   Decrease number of Java threads
#   Decrease Java thread stack sizes (-Xss)
#   Set larger code cache with -XX:ReservedCodeCacheSize=
#   JVM is running with Unscaled Compressed Oops mode in which the Java heap is
#     placed in the first 4GB address space. The Java Heap base address is the
#     maximum limit for the native heap growth. Please use -XX:HeapBaseMinAddress
#     to set the Java Heap base and to place the Java Heap above 4GB virtual address.
# This output file may be truncated or incomplete.
#
#  Out of Memory Error (allocation.cpp:44), pid=11524, tid=24036
#
# JRE version: OpenJDK Runtime Environment Temurin-17.0.11+9 (17.0.11+9) (build 17.0.11+9)
# Java VM: OpenJDK 64-Bit Server VM Temurin-17.0.11+9 (17.0.11+9, mixed mode, emulated-client, tiered, compressed oops, compressed class ptrs, g1 gc, windows-amd64)
# No core dump will be written. Minidumps are not enabled by default on client versions of Windows
#

---------------  S U M M A R Y ------------

Command Line: -Xmx1024m -Dsts.lsp.client=vscode -Dsts.log.file=/dev/null -XX:TieredStopAtLevel=1 -Xlog:jni+resolve=off -Dspring.config.location=file:c:\Users\Emmanoel Gamer\.vscode\extensions\vmware.vscode-spring-boot-1.56.0\language-server\BOOT-INF\classes\application.properties org.springframework.ide.vscode.boot.app.BootLanguageServerBootApp

Host: Intel(R) Core(TM) i3-4170 CPU @ 3.70GHz, 4 cores, 15G,  Windows 11 , 64 bit Build 22621 (10.0.22621.3672)
Time: Sat Jul 27 19:40:02 2024 Hora oficial do Brasil elapsed time: 17368.854387 seconds (0d 4h 49m 28s)

---------------  T H R E A D  ---------------

Current thread (0x000001e671fff520):  VMThread "VM Thread" [stack: 0x0000008558d00000,0x0000008558e00000] [id=24036]

Stack: [0x0000008558d00000,0x0000008558e00000]
Native frames: (J=compiled Java code, j=interpreted, Vv=VM code, C=native code)
V  [jvm.dll+0x67d429]
V  [jvm.dll+0x834b7a]
V  [jvm.dll+0x83663e]
V  [jvm.dll+0x836ca3]
V  [jvm.dll+0x247dbf]
V  [jvm.dll+0xa6cb3]
V  [jvm.dll+0x2f8ad3]
V  [jvm.dll+0x2f4750]
V  [jvm.dll+0x2dcf67]
V  [jvm.dll+0x31fb67]
V  [jvm.dll+0x83b19b]
V  [jvm.dll+0x83bed2]
V  [jvm.dll+0x83c3ed]
V  [jvm.dll+0x83c7c4]
V  [jvm.dll+0x83c890]
V  [jvm.dll+0x7e410a]
V  [jvm.dll+0x67c315]
C  [ucrtbase.dll+0x29333]
C  [KERNEL32.DLL+0x1257d]
C  [ntdll.dll+0x5af28]

VM_Operation (0x0000008559ffeb10): G1CollectFull, mode: safepoint, requested by thread 0x000001e672b40040


---------------  P R O C E S S  ---------------

Threads class SMR info:
_java_thread_list=0x000001e677f56fe0, length=24, elements={
0x000001e672008fe0, 0x000001e67200a790, 0x000001e6720565d0, 0x000001e672057000,
0x000001e6720588e0, 0x000001e6720591b0, 0x000001e672059a80, 0x000001e672084e60,
0x000001e6722654d0, 0x000001e67226fc80, 0x000001e677caa060, 0x000001e672b40040,
0x000001e672b40520, 0x000001e667a593b0, 0x000001e677ce9830, 0x000001e67217f1a0,
0x000001e677dc3840, 0x000001e677dc2400, 0x000001e677dc14d0, 0x000001e677dc0ab0,
0x000001e677dc19e0, 0x000001e677dc05a0, 0x000001e677dc2e20, 0x000001e678e4eba0
}

Java Threads: ( => current thread )
  0x000001e672008fe0 JavaThread "Reference Handler" daemon [_thread_blocked, id=22192, stack(0x0000008558e00000,0x0000008558f00000)]
  0x000001e67200a790 JavaThread "Finalizer" daemon [_thread_blocked, id=22200, stack(0x0000008558f00000,0x0000008559000000)]
  0x000001e6720565d0 JavaThread "Signal Dispatcher" daemon [_thread_blocked, id=23764, stack(0x0000008559000000,0x0000008559100000)]
  0x000001e672057000 JavaThread "Attach Listener" daemon [_thread_blocked, id=13244, stack(0x0000008559100000,0x0000008559200000)]
  0x000001e6720588e0 JavaThread "Service Thread" daemon [_thread_blocked, id=21644, stack(0x0000008559200000,0x0000008559300000)]
  0x000001e6720591b0 JavaThread "Monitor Deflation Thread" daemon [_thread_blocked, id=8652, stack(0x0000008559300000,0x0000008559400000)]
  0x000001e672059a80 JavaThread "C1 CompilerThread0" daemon [_thread_blocked, id=8712, stack(0x0000008559400000,0x0000008559500000)]
  0x000001e672084e60 JavaThread "Sweeper thread" daemon [_thread_blocked, id=14748, stack(0x0000008559500000,0x0000008559600000)]
  0x000001e6722654d0 JavaThread "Notification Thread" daemon [_thread_blocked, id=15120, stack(0x0000008559700000,0x0000008559800000)]
  0x000001e67226fc80 JavaThread "Common-Cleaner" daemon [_thread_blocked, id=4888, stack(0x0000008559900000,0x0000008559a00000)]
  0x000001e677caa060 JavaThread "boundedElastic-evictor-1" daemon [_thread_blocked, id=23604, stack(0x0000008559e00000,0x0000008559f00000)]
  0x000001e672b40040 JavaThread "pool-13-thread-1" [_thread_blocked, id=18852, stack(0x0000008559f00000,0x000000855a000000)]
  0x000001e672b40520 JavaThread "LanguageServerApp-lifecycle" [_thread_blocked, id=8620, stack(0x000000855a000000,0x000000855a100000)]
  0x000001e667a593b0 JavaThread "DestroyJavaVM" [_thread_blocked, id=11488, stack(0x0000008558700000,0x0000008558800000)]
  0x000001e677ce9830 JavaThread "pool-14-thread-1" [_thread_in_native, id=3392, stack(0x000000855a100000,0x000000855a200000)]
  0x000001e67217f1a0 JavaThread "Simple-Language-Server main thread" daemon [_thread_blocked, id=816, stack(0x000000855a200000,0x000000855a300000)]
  0x000001e677dc3840 JavaThread "pool-8-thread-1" [_thread_blocked, id=732, stack(0x000000855a600000,0x000000855a700000)]
  0x000001e677dc2400 JavaThread "parallel-1" daemon [_thread_blocked, id=23244, stack(0x000000855a700000,0x000000855a800000)]
  0x000001e677dc14d0 JavaThread "pool-6-thread-1" [_thread_blocked, id=24372, stack(0x000000855a800000,0x000000855a900000)]
  0x000001e677dc0ab0 JavaThread "parallel-2" daemon [_thread_blocked, id=23424, stack(0x000000855a900000,0x000000855aa00000)]
  0x000001e677dc19e0 JavaThread "parallel-3" daemon [_thread_blocked, id=23436, stack(0x000000855aa00000,0x000000855ab00000)]
  0x000001e677dc05a0 JavaThread "parallel-4" daemon [_thread_blocked, id=16500, stack(0x000000855ab00000,0x000000855ac00000)]
  0x000001e677dc2e20 JavaThread "Reconciler-1" daemon [_thread_blocked, id=13720, stack(0x000000855ad00000,0x000000855ae00000)]
  0x000001e678e4eba0 JavaThread "CompletableFutureDelayScheduler" daemon [_thread_blocked, id=15632, stack(0x000000855a400000,0x000000855a500000)]

Other Threads:
=>0x000001e671fff520 VMThread "VM Thread" [stack: 0x0000008558d00000,0x0000008558e00000] [id=24036]
  0x000001e6722659b0 WatcherThread [stack: 0x0000008559800000,0x0000008559900000] [id=22384]
  0x000001e667a97040 GCTaskThread "GC Thread#0" [stack: 0x0000008558800000,0x0000008558900000] [id=20708]
  0x000001e67212e9c0 GCTaskThread "GC Thread#1" [stack: 0x0000008559600000,0x0000008559700000] [id=1776]
  0x000001e67212f870 GCTaskThread "GC Thread#2" [stack: 0x0000008559a00000,0x0000008559b00000] [id=8276]
  0x000001e67212fb30 GCTaskThread "GC Thread#3" [stack: 0x0000008559b00000,0x0000008559c00000] [id=20748]
  0x000001e667a9ff90 ConcurrentGCThread "G1 Main Marker" [stack: 0x0000008558900000,0x0000008558a00000] [id=8812]
  0x000001e667aa09b0 ConcurrentGCThread "G1 Conc#0" [stack: 0x0000008558a00000,0x0000008558b00000] [id=1848]
  0x000001e667afeb40 ConcurrentGCThread "G1 Refine#0" [stack: 0x0000008558b00000,0x0000008558c00000] [id=20100]
  0x000001e671e6ee20 ConcurrentGCThread "G1 Service" [stack: 0x0000008558c00000,0x0000008558d00000] [id=17140]

Threads with active compile tasks:

VM state: at safepoint (normal execution)

VM Mutex/Monitor currently owned by a thread:  ([mutex/lock_event])
[0x000001e665982180] Threads_lock - owner thread: 0x000001e671fff520
[0x000001e66597e740] Heap_lock - owner thread: 0x000001e672b40040

Heap address: 0x00000000c0000000, size: 1024 MB, Compressed Oops mode: 32-bit

CDS archive(s) not mapped
Compressed class space mapped at: 0x0000000100000000-0x0000000140000000, reserved size: 1073741824
Narrow klass base: 0x0000000000000000, Narrow klass shift: 3, Narrow klass range: 0x140000000

GC Precious Log:
 CPUs: 4 total, 4 available
 Memory: 15791M
 Large Page Support: Disabled
 NUMA Support: Disabled
 Compressed Oops: Enabled (32-bit)
 Heap Region Size: 1M
 Heap Min Capacity: 8M
 Heap Initial Capacity: 248M
 Heap Max Capacity: 1G
 Pre-touch: Disabled
 Parallel Workers: 4
 Concurrent Workers: 1
 Concurrent Refinement Workers: 4
 Periodic GC: Disabled

Heap:
 garbage-first heap   total 81920K, used 30558K [0x00000000c0000000, 0x0000000100000000)
  region size 1024K, 1 young (1024K), 0 survivors (0K)
 Metaspace       used 61079K, committed 61504K, reserved 1114112K
  class space    used 7428K, committed 7616K, reserved 1048576K

Heap Regions: E=young(eden), S=young(survivor), O=old, HS=humongous(starts), HC=humongous(continues), CS=collection set, F=free, OA=open archive, CA=closed archive, TAMS=top-at-mark-start (previous, next)
|   0|0x00000000c0000000, 0x00000000c0100000, 0x00000000c0100000|100%|HS|  |TAMS 0x00000000c0100000, 0x00000000c0000000| Untracked 
|   1|0x00000000c0100000, 0x00000000c0200000, 0x00000000c0200000|100%|HC|  |TAMS 0x00000000c0200000, 0x00000000c0100000| Untracked 
|   2|0x00000000c0200000, 0x00000000c0300000, 0x00000000c0300000|100%|HC|  |TAMS 0x00000000c0300000, 0x00000000c0200000| Untracked 
|   3|0x00000000c0300000, 0x00000000c0400000, 0x00000000c0400000|100%|HC|  |TAMS 0x00000000c0400000, 0x00000000c0300000| Untracked 
|   4|0x00000000c0400000, 0x00000000c04ff780, 0x00000000c0500000| 99%| O|  |TAMS 0x00000000c04ff780, 0x00000000c0400000| Untracked 
|   5|0x00000000c0500000, 0x00000000c05fffd0, 0x00000000c0600000| 99%| O|  |TAMS 0x00000000c05fffd0, 0x00000000c0500000| Untracked 
|   6|0x00000000c0600000, 0x00000000c0700000, 0x00000000c0700000|100%| O|  |TAMS 0x00000000c0700000, 0x00000000c0600000| Untracked 
|   7|0x00000000c0700000, 0x00000000c07f9e20, 0x00000000c0800000| 97%| O|  |TAMS 0x00000000c07f9e20, 0x00000000c0700000| Untracked 
|   8|0x00000000c0800000, 0x00000000c08faf88, 0x00000000c0900000| 98%| O|  |TAMS 0x00000000c08faf88, 0x00000000c0800000| Untracked 
|   9|0x00000000c0900000, 0x00000000c0a00000, 0x00000000c0a00000|100%| O|  |TAMS 0x00000000c0a00000, 0x00000000c0900000| Untracked 
|  10|0x00000000c0a00000, 0x00000000c0b00000, 0x00000000c0b00000|100%|HS|  |TAMS 0x00000000c0b00000, 0x00000000c0a00000| Untracked 
|  11|0x00000000c0b00000, 0x00000000c0c00000, 0x00000000c0c00000|100%|HC|  |TAMS 0x00000000c0c00000, 0x00000000c0b00000| Untracked 
|  12|0x00000000c0c00000, 0x00000000c0cfff10, 0x00000000c0d00000| 99%| O|  |TAMS 0x00000000c0cfff10, 0x00000000c0c00000| Untracked 
|  13|0x00000000c0d00000, 0x00000000c0dffff0, 0x00000000c0e00000| 99%| O|  |TAMS 0x00000000c0dffff0, 0x00000000c0d00000| Untracked 
|  14|0x00000000c0e00000, 0x00000000c0effff0, 0x00000000c0f00000| 99%| O|  |TAMS 0x00000000c0effff0, 0x00000000c0e00000| Untracked 
|  15|0x00000000c0f00000, 0x00000000c0ffffe0, 0x00000000c1000000| 99%| O|  |TAMS 0x00000000c0ffffe0, 0x00000000c0f00000| Untracked 
|  16|0x00000000c1000000, 0x00000000c10ffff0, 0x00000000c1100000| 99%| O|  |TAMS 0x00000000c10ffff0, 0x00000000c1000000| Untracked 
|  17|0x00000000c1100000, 0x00000000c11ffff8, 0x00000000c1200000| 99%| O|  |TAMS 0x00000000c11ffff8, 0x00000000c1100000| Untracked 
|  18|0x00000000c1200000, 0x00000000c12fffc8, 0x00000000c1300000| 99%| O|  |TAMS 0x00000000c12fffc8, 0x00000000c1200000| Untracked 
|  19|0x00000000c1300000, 0x00000000c13fffd8, 0x00000000c1400000| 99%| O|  |TAMS 0x00000000c13fffd8, 0x00000000c1300000| Untracked 
|  20|0x00000000c1400000, 0x00000000c14fffb0, 0x00000000c1500000| 99%| O|  |TAMS 0x00000000c14fffb0, 0x00000000c1400000| Untracked 
|  21|0x00000000c1500000, 0x00000000c15fa330, 0x00000000c1600000| 97%| O|  |TAMS 0x00000000c15fa330, 0x00000000c1500000| Untracked 
|  22|0x00000000c1600000, 0x00000000c16ffff0, 0x00000000c1700000| 99%| O|  |TAMS 0x00000000c16ffff0, 0x00000000c1600000| Untracked 
|  23|0x00000000c1700000, 0x00000000c17fffc8, 0x00000000c1800000| 99%| O|  |TAMS 0x00000000c17fffc8, 0x00000000c1700000| Untracked 
|  24|0x00000000c1800000, 0x00000000c18ffff0, 0x00000000c1900000| 99%| O|  |TAMS 0x00000000c18ffff0, 0x00000000c1800000| Untracked 
|  25|0x00000000c1900000, 0x00000000c19ffff0, 0x00000000c1a00000| 99%| O|  |TAMS 0x00000000c19ffff0, 0x00000000c1900000| Untracked 
|  26|0x00000000c1a00000, 0x00000000c1afefa0, 0x00000000c1b00000| 99%| O|  |TAMS 0x00000000c1afefa0, 0x00000000c1a00000| Untracked 
|  27|0x00000000c1b00000, 0x00000000c1bfffe0, 0x00000000c1c00000| 99%| O|  |TAMS 0x00000000c1bfffe0, 0x00000000c1b00000| Untracked 
|  28|0x00000000c1c00000, 0x00000000c1cfffe0, 0x00000000c1d00000| 99%| O|  |TAMS 0x00000000c1cfffe0, 0x00000000c1c00000| Untracked 
|  29|0x00000000c1d00000, 0x00000000c1dea590, 0x00000000c1e00000| 91%| O|  |TAMS 0x00000000c1d00000, 0x00000000c1d00000| Untracked 
|  30|0x00000000c1e00000, 0x00000000c1e00068, 0x00000000c1f00000|  0%| O|  |TAMS 0x00000000c1e00000, 0x00000000c1e00000| Untracked 
|  31|0x00000000c1f00000, 0x00000000c1f00000, 0x00000000c2000000|  0%| F|  |TAMS 0x00000000c1f00000, 0x00000000c1f00000| Untracked 
|  32|0x00000000c2000000, 0x00000000c2000000, 0x00000000c2100000|  0%| F|  |TAMS 0x00000000c2000000, 0x00000000c2000000| Untracked 
|  33|0x00000000c2100000, 0x00000000c2100000, 0x00000000c2200000|  0%| F|  |TAMS 0x00000000c2100000, 0x00000000c2100000| Untracked 
|  34|0x00000000c2200000, 0x00000000c2200000, 0x00000000c2300000|  0%| F|  |TAMS 0x00000000c2200000, 0x00000000c2200000| Untracked 
|  35|0x00000000c2300000, 0x00000000c2300000, 0x00000000c2400000|  0%| F|  |TAMS 0x00000000c2300000, 0x00000000c2300000| Untracked 
|  36|0x00000000c2400000, 0x00000000c2400000, 0x00000000c2500000|  0%| F|  |TAMS 0x00000000c2400000, 0x00000000c2400000| Untracked 
|  37|0x00000000c2500000, 0x00000000c2500000, 0x00000000c2600000|  0%| F|  |TAMS 0x00000000c2500000, 0x00000000c2500000| Untracked 
|  38|0x00000000c2600000, 0x00000000c2600000, 0x00000000c2700000|  0%| F|  |TAMS 0x00000000c2600000, 0x00000000c2600000| Untracked 
|  39|0x00000000c2700000, 0x00000000c2700000, 0x00000000c2800000|  0%| F|  |TAMS 0x00000000c2700000, 0x00000000c2700000| Untracked 
|  40|0x00000000c2800000, 0x00000000c2800000, 0x00000000c2900000|  0%| F|  |TAMS 0x00000000c2800000, 0x00000000c2800000| Untracked 
|  41|0x00000000c2900000, 0x00000000c2900000, 0x00000000c2a00000|  0%| F|  |TAMS 0x00000000c2900000, 0x00000000c2900000| Untracked 
|  42|0x00000000c2a00000, 0x00000000c2a00000, 0x00000000c2b00000|  0%| F|  |TAMS 0x00000000c2a00000, 0x00000000c2a00000| Untracked 
|  43|0x00000000c2b00000, 0x00000000c2b00000, 0x00000000c2c00000|  0%| F|  |TAMS 0x00000000c2b00000, 0x00000000c2b00000| Untracked 
|  44|0x00000000c2c00000, 0x00000000c2c00000, 0x00000000c2d00000|  0%| F|  |TAMS 0x00000000c2c00000, 0x00000000c2c00000| Untracked 
|  45|0x00000000c2d00000, 0x00000000c2d00000, 0x00000000c2e00000|  0%| F|  |TAMS 0x00000000c2d00000, 0x00000000c2d00000| Untracked 
|  46|0x00000000c2e00000, 0x00000000c2e00000, 0x00000000c2f00000|  0%| F|  |TAMS 0x00000000c2e00000, 0x00000000c2e00000| Untracked 
|  47|0x00000000c2f00000, 0x00000000c2f00000, 0x00000000c3000000|  0%| F|  |TAMS 0x00000000c2f00000, 0x00000000c2f00000| Untracked 
|  48|0x00000000c3000000, 0x00000000c3000000, 0x00000000c3100000|  0%| F|  |TAMS 0x00000000c3000000, 0x00000000c3000000| Untracked 
|  49|0x00000000c3100000, 0x00000000c3100000, 0x00000000c3200000|  0%| F|  |TAMS 0x00000000c3100000, 0x00000000c3100000| Untracked 
|  50|0x00000000c3200000, 0x00000000c3200000, 0x00000000c3300000|  0%| F|  |TAMS 0x00000000c3200000, 0x00000000c3200000| Untracked 
|  51|0x00000000c3300000, 0x00000000c3300000, 0x00000000c3400000|  0%| F|  |TAMS 0x00000000c3300000, 0x00000000c3300000| Untracked 
|  52|0x00000000c3400000, 0x00000000c3400000, 0x00000000c3500000|  0%| F|  |TAMS 0x00000000c3400000, 0x00000000c3400000| Untracked 
|  53|0x00000000c3500000, 0x00000000c3500000, 0x00000000c3600000|  0%| F|  |TAMS 0x00000000c3500000, 0x00000000c3500000| Untracked 
|  54|0x00000000c3600000, 0x00000000c3600000, 0x00000000c3700000|  0%| F|  |TAMS 0x00000000c3600000, 0x00000000c3600000| Untracked 
|  55|0x00000000c3700000, 0x00000000c3700000, 0x00000000c3800000|  0%| F|  |TAMS 0x00000000c3700000, 0x00000000c3700000| Untracked 
|  56|0x00000000c3800000, 0x00000000c3800000, 0x00000000c3900000|  0%| F|  |TAMS 0x00000000c3800000, 0x00000000c3800000| Untracked 
|  57|0x00000000c3900000, 0x00000000c3900000, 0x00000000c3a00000|  0%| F|  |TAMS 0x00000000c3900000, 0x00000000c3900000| Untracked 
|  58|0x00000000c3a00000, 0x00000000c3a00000, 0x00000000c3b00000|  0%| F|  |TAMS 0x00000000c3a00000, 0x00000000c3a00000| Untracked 
|  59|0x00000000c3b00000, 0x00000000c3b00000, 0x00000000c3c00000|  0%| F|  |TAMS 0x00000000c3b00000, 0x00000000c3b00000| Untracked 
|  60|0x00000000c3c00000, 0x00000000c3c00000, 0x00000000c3d00000|  0%| F|  |TAMS 0x00000000c3c00000, 0x00000000c3c00000| Untracked 
|  61|0x00000000c3d00000, 0x00000000c3d00000, 0x00000000c3e00000|  0%| F|  |TAMS 0x00000000c3d00000, 0x00000000c3d00000| Untracked 
|  62|0x00000000c3e00000, 0x00000000c3e00000, 0x00000000c3f00000|  0%| F|  |TAMS 0x00000000c3e00000, 0x00000000c3e00000| Untracked 
|  63|0x00000000c3f00000, 0x00000000c3f00000, 0x00000000c4000000|  0%| F|  |TAMS 0x00000000c3f00000, 0x00000000c3f00000| Untracked 
|  64|0x00000000c4000000, 0x00000000c4000000, 0x00000000c4100000|  0%| F|  |TAMS 0x00000000c4000000, 0x00000000c4000000| Untracked 
|  65|0x00000000c4100000, 0x00000000c4100000, 0x00000000c4200000|  0%| F|  |TAMS 0x00000000c4100000, 0x00000000c4100000| Untracked 
|  66|0x00000000c4200000, 0x00000000c4200000, 0x00000000c4300000|  0%| F|  |TAMS 0x00000000c4200000, 0x00000000c4200000| Untracked 
|  67|0x00000000c4300000, 0x00000000c4300000, 0x00000000c4400000|  0%| F|  |TAMS 0x00000000c4300000, 0x00000000c4300000| Untracked 
|  68|0x00000000c4400000, 0x00000000c4400000, 0x00000000c4500000|  0%| F|  |TAMS 0x00000000c4400000, 0x00000000c4400000| Untracked 
|  69|0x00000000c4500000, 0x00000000c4500000, 0x00000000c4600000|  0%| F|  |TAMS 0x00000000c4500000, 0x00000000c4500000| Untracked 
|  70|0x00000000c4600000, 0x00000000c4600000, 0x00000000c4700000|  0%| F|  |TAMS 0x00000000c4600000, 0x00000000c4600000| Untracked 
|  71|0x00000000c4700000, 0x00000000c4700000, 0x00000000c4800000|  0%| F|  |TAMS 0x00000000c4700000, 0x00000000c4700000| Untracked 
|  72|0x00000000c4800000, 0x00000000c4800000, 0x00000000c4900000|  0%| F|  |TAMS 0x00000000c4800000, 0x00000000c4800000| Untracked 
| 200|0x00000000cc800000, 0x00000000cc800000, 0x00000000cc900000|  0%| F|  |TAMS 0x00000000cc800000, 0x00000000cc800000| Untracked 
| 201|0x00000000cc900000, 0x00000000cc900000, 0x00000000cca00000|  0%| F|  |TAMS 0x00000000cc900000, 0x00000000cc900000| Untracked 
| 202|0x00000000cca00000, 0x00000000cca00000, 0x00000000ccb00000|  0%| F|  |TAMS 0x00000000cca00000, 0x00000000cca00000| Untracked 
| 203|0x00000000ccb00000, 0x00000000ccb00000, 0x00000000ccc00000|  0%| F|  |TAMS 0x00000000ccb00000, 0x00000000ccb00000| Untracked 
| 204|0x00000000ccc00000, 0x00000000ccc00000, 0x00000000ccd00000|  0%| F|  |TAMS 0x00000000ccc00000, 0x00000000ccc00000| Untracked 
| 246|0x00000000cf600000, 0x00000000cf600000, 0x00000000cf700000|  0%| F|  |TAMS 0x00000000cf600000, 0x00000000cf600000| Untracked 
| 247|0x00000000cf700000, 0x00000000cf709508, 0x00000000cf800000|  3%| E|  |TAMS 0x00000000cf700000, 0x00000000cf700000| Complete 

Card table byte_map: [0x000001e66d6e0000,0x000001e66d8e0000] _byte_map_base: 0x000001e66d0e0000

Marking Bits (Prev, Next): (CMBitMap*) 0x000001e667a976a0, (CMBitMap*) 0x000001e667a97660
 Prev Bits: [0x000001e66eae0000, 0x000001e66fae0000)
 Next Bits: [0x000001e66dae0000, 0x000001e66eae0000)

Polling page: 0x000001e667200000

Metaspace:

Usage:
  Non-class:     52.39 MB used.
      Class:      7.25 MB used.
       Both:     59.65 MB used.

Virtual space:
  Non-class space:       64.00 MB reserved,      52.62 MB ( 82%) committed,  1 nodes.
      Class space:        1.00 GB reserved,       7.44 MB ( <1%) committed,  1 nodes.
             Both:        1.06 GB reserved,      60.06 MB (  6%) committed. 

Chunk freelists:
   Non-Class:  11.17 MB
       Class:  8.42 MB
        Both:  19.59 MB

MaxMetaspaceSize: unlimited
CompressedClassSpaceSize: 1.00 GB
Initial GC threshold: 21.00 MB
Current GC threshold: 99.94 MB
CDS: off
MetaspaceReclaimPolicy: balanced
 - commit_granule_bytes: 65536.
 - commit_granule_words: 8192.
 - virtual_space_node_default_size: 8388608.
 - enlarge_chunks_in_place: 1.
 - new_chunks_are_fully_committed: 0.
 - uncommit_free_chunks: 1.
 - use_allocation_guard: 0.
 - handle_deallocations: 1.


Internal statistics:

num_allocs_failed_limit: 6.
num_arena_births: 698.
num_arena_deaths: 250.
num_vsnodes_births: 2.
num_vsnodes_deaths: 0.
num_space_committed: 960.
num_space_uncommitted: 0.
num_chunks_returned_to_freelist: 301.
num_chunks_taken_from_freelist: 2714.
num_chunk_merges: 98.
num_chunk_splits: 1805.
num_chunks_enlarged: 1372.
num_inconsistent_stats: 0.

CodeCache: size=49152Kb used=12801Kb max_used=13358Kb free=36350Kb
 bounds [0x000001e66a6e0000, 0x000001e66b3f0000, 0x000001e66d6e0000]
 total_blobs=7585 nmethods=6906 adapters=606
 compilation: enabled
              stopped_count=0, restarted_count=0
 full_count=0

Compilation events (20 events):
Event: 6804.875 Thread 0x000001e672059a80 6899       1       java.util.stream.FindOps$FindSink::<init> (5 bytes)
Event: 6804.875 Thread 0x000001e672059a80 nmethod 6899 0x000001e66b254a90 code [0x000001e66b254c20, 0x000001e66b254cd8]
Event: 6804.875 Thread 0x000001e672059a80 6897   !   1       org.springframework.ide.vscode.commons.util.BasicFileObserver::paths_get (35 bytes)
Event: 6804.875 Thread 0x000001e672059a80 nmethod 6897 0x000001e66b254190 code [0x000001e66b254380, 0x000001e66b254868]
Event: 6811.922 Thread 0x000001e672059a80 6900       1       java.util.stream.ReferencePipeline::findFirst (12 bytes)
Event: 6811.922 Thread 0x000001e672059a80 nmethod 6900 0x000001e66b253e10 code [0x000001e66b253fa0, 0x000001e66b2540a8]
Event: 6811.922 Thread 0x000001e672059a80 6901       1       java.util.stream.FindOps::makeRef (14 bytes)
Event: 6811.922 Thread 0x000001e672059a80 nmethod 6901 0x000001e66b253b10 code [0x000001e66b253ca0, 0x000001e66b253d58]
Event: 6811.922 Thread 0x000001e672059a80 6902       1       java.util.stream.FindOps$FindSink$OfRef$$Lambda$138/0x0000000100160f20::get (8 bytes)
Event: 6811.923 Thread 0x000001e672059a80 nmethod 6902 0x000001e66b253790 code [0x000001e66b253920, 0x000001e66b253a38]
Event: 6811.923 Thread 0x000001e672059a80 6903       1       java.util.stream.FindOps$FindSink$OfRef::<init> (5 bytes)
Event: 6811.923 Thread 0x000001e672059a80 nmethod 6903 0x000001e66b253490 code [0x000001e66b253620, 0x000001e66b2536d8]
Event: 6811.923 Thread 0x000001e672059a80 6904       1       java.util.stream.FindOps$FindSink$OfRef::get (5 bytes)
Event: 6811.923 Thread 0x000001e672059a80 nmethod 6904 0x000001e66b252f90 code [0x000001e66b253140, 0x000001e66b2533a8]
Event: 6811.923 Thread 0x000001e672059a80 6905       1       java.util.stream.FindOps$FindSink$OfRef::get (19 bytes)
Event: 6811.923 Thread 0x000001e672059a80 nmethod 6905 0x000001e66b33c810 code [0x000001e66b33c9c0, 0x000001e66b33cc08]
Event: 6850.437 Thread 0x000001e672059a80 6906   !   1       java.util.zip.ZipFile$CleanableResource::run (251 bytes)
Event: 6850.438 Thread 0x000001e672059a80 nmethod 6906 0x000001e66b33b710 code [0x000001e66b33b960, 0x000001e66b33c198]
Event: 6850.438 Thread 0x000001e672059a80 6907   !   1       java.util.zip.ZipFile$Source::release (50 bytes)
Event: 6850.438 Thread 0x000001e672059a80 nmethod 6907 0x000001e66b33b010 code [0x000001e66b33b1e0, 0x000001e66b33b488]

GC Heap History (20 events):
Event: 17266.382 GC heap before
{Heap before GC invocations=1433 (full 1413):
 garbage-first heap   total 81920K, used 30558K [0x00000000c0000000, 0x0000000100000000)
  region size 1024K, 1 young (1024K), 0 survivors (0K)
 Metaspace       used 61079K, committed 61504K, reserved 1114112K
  class space    used 7428K, committed 7616K, reserved 1048576K
}
Event: 17266.435 GC heap after
{Heap after GC invocations=1434 (full 1414):
 garbage-first heap   total 81920K, used 30558K [0x00000000c0000000, 0x0000000100000000)
  region size 1024K, 0 young (0K), 0 survivors (0K)
 Metaspace       used 61079K, committed 61504K, reserved 1114112K
  class space    used 7428K, committed 7616K, reserved 1048576K
}
Event: 17276.786 GC heap before
{Heap before GC invocations=1434 (full 1414):
 garbage-first heap   total 81920K, used 30558K [0x00000000c0000000, 0x0000000100000000)
  region size 1024K, 1 young (1024K), 0 survivors (0K)
 Metaspace       used 61079K, committed 61504K, reserved 1114112K
  class space    used 7428K, committed 7616K, reserved 1048576K
}
Event: 17276.829 GC heap after
{Heap after GC invocations=1435 (full 1415):
 garbage-first heap   total 81920K, used 30558K [0x00000000c0000000, 0x0000000100000000)
  region size 1024K, 0 young (0K), 0 survivors (0K)
 Metaspace       used 61079K, committed 61504K, reserved 1114112K
  class space    used 7428K, committed 7616K, reserved 1048576K
}
Event: 17287.076 GC heap before
{Heap before GC invocations=1435 (full 1415):
 garbage-first heap   total 81920K, used 30558K [0x00000000c0000000, 0x0000000100000000)
  region size 1024K, 1 young (1024K), 0 survivors (0K)
 Metaspace       used 61079K, committed 61504K, reserved 1114112K
  class space    used 7428K, committed 7616K, reserved 1048576K
}
Event: 17287.119 GC heap after
{Heap after GC invocations=1436 (full 1416):
 garbage-first heap   total 81920K, used 30558K [0x00000000c0000000, 0x0000000100000000)
  region size 1024K, 0 young (0K), 0 survivors (0K)
 Metaspace       used 61079K, committed 61504K, reserved 1114112K
  class space    used 7428K, committed 7616K, reserved 1048576K
}
Event: 17297.287 GC heap before
{Heap before GC invocations=1436 (full 1416):
 garbage-first heap   total 81920K, used 30558K [0x00000000c0000000, 0x0000000100000000)
  region size 1024K, 1 young (1024K), 0 survivors (0K)
 Metaspace       used 61079K, committed 61504K, reserved 1114112K
  class space    used 7428K, committed 7616K, reserved 1048576K
}
Event: 17297.323 GC heap after
{Heap after GC invocations=1437 (full 1417):
 garbage-first heap   total 81920K, used 30558K [0x00000000c0000000, 0x0000000100000000)
  region size 1024K, 0 young (0K), 0 survivors (0K)
 Metaspace       used 61079K, committed 61504K, reserved 1114112K
  class space    used 7428K, committed 7616K, reserved 1048576K
}
Event: 17307.521 GC heap before
{Heap before GC invocations=1437 (full 1417):
 garbage-first heap   total 81920K, used 30558K [0x00000000c0000000, 0x0000000100000000)
  region size 1024K, 1 young (1024K), 0 survivors (0K)
 Metaspace       used 61079K, committed 61504K, reserved 1114112K
  class space    used 7428K, committed 7616K, reserved 1048576K
}
Event: 17307.557 GC heap after
{Heap after GC invocations=1438 (full 1418):
 garbage-first heap   total 81920K, used 30558K [0x00000000c0000000, 0x0000000100000000)
  region size 1024K, 0 young (0K), 0 survivors (0K)
 Metaspace       used 61079K, committed 61504K, reserved 1114112K
  class space    used 7428K, committed 7616K, reserved 1048576K
}
Event: 17317.746 GC heap before
{Heap before GC invocations=1438 (full 1418):
 garbage-first heap   total 81920K, used 30558K [0x00000000c0000000, 0x0000000100000000)
  region size 1024K, 1 young (1024K), 0 survivors (0K)
 Metaspace       used 61079K, committed 61504K, reserved 1114112K
  class space    used 7428K, committed 7616K, reserved 1048576K
}
Event: 17317.784 GC heap after
{Heap after GC invocations=1439 (full 1419):
 garbage-first heap   total 81920K, used 30558K [0x00000000c0000000, 0x0000000100000000)
  region size 1024K, 0 young (0K), 0 survivors (0K)
 Metaspace       used 61079K, committed 61504K, reserved 1114112K
  class space    used 7428K, committed 7616K, reserved 1048576K
}
Event: 17327.978 GC heap before
{Heap before GC invocations=1439 (full 1419):
 garbage-first heap   total 81920K, used 30558K [0x00000000c0000000, 0x0000000100000000)
  region size 1024K, 1 young (1024K), 0 survivors (0K)
 Metaspace       used 61079K, committed 61504K, reserved 1114112K
  class space    used 7428K, committed 7616K, reserved 1048576K
}
Event: 17328.019 GC heap after
{Heap after GC invocations=1440 (full 1420):
 garbage-first heap   total 81920K, used 30558K [0x00000000c0000000, 0x0000000100000000)
  region size 1024K, 0 young (0K), 0 survivors (0K)
 Metaspace       used 61079K, committed 61504K, reserved 1114112K
  class space    used 7428K, committed 7616K, reserved 1048576K
}
Event: 17338.208 GC heap before
{Heap before GC invocations=1440 (full 1420):
 garbage-first heap   total 81920K, used 30558K [0x00000000c0000000, 0x0000000100000000)
  region size 1024K, 1 young (1024K), 0 survivors (0K)
 Metaspace       used 61079K, committed 61504K, reserved 1114112K
  class space    used 7428K, committed 7616K, reserved 1048576K
}
Event: 17338.252 GC heap after
{Heap after GC invocations=1441 (full 1421):
 garbage-first heap   total 81920K, used 30558K [0x00000000c0000000, 0x0000000100000000)
  region size 1024K, 0 young (0K), 0 survivors (0K)
 Metaspace       used 61079K, committed 61504K, reserved 1114112K
  class space    used 7428K, committed 7616K, reserved 1048576K
}
Event: 17348.472 GC heap before
{Heap before GC invocations=1441 (full 1421):
 garbage-first heap   total 81920K, used 30558K [0x00000000c0000000, 0x0000000100000000)
  region size 1024K, 1 young (1024K), 0 survivors (0K)
 Metaspace       used 61079K, committed 61504K, reserved 1114112K
  class space    used 7428K, committed 7616K, reserved 1048576K
}
Event: 17348.514 GC heap after
{Heap after GC invocations=1442 (full 1422):
 garbage-first heap   total 81920K, used 30558K [0x00000000c0000000, 0x0000000100000000)
  region size 1024K, 0 young (0K), 0 survivors (0K)
 Metaspace       used 61079K, committed 61504K, reserved 1114112K
  class space    used 7428K, committed 7616K, reserved 1048576K
}
Event: 17358.701 GC heap before
{Heap before GC invocations=1442 (full 1422):
 garbage-first heap   total 81920K, used 30558K [0x00000000c0000000, 0x0000000100000000)
  region size 1024K, 1 young (1024K), 0 survivors (0K)
 Metaspace       used 61079K, committed 61504K, reserved 1114112K
  class space    used 7428K, committed 7616K, reserved 1048576K
}
Event: 17358.748 GC heap after
{Heap after GC invocations=1443 (full 1423):
 garbage-first heap   total 81920K, used 30558K [0x00000000c0000000, 0x0000000100000000)
  region size 1024K, 0 young (0K), 0 survivors (0K)
 Metaspace       used 61079K, committed 61504K, reserved 1114112K
  class space    used 7428K, committed 7616K, reserved 1048576K
}

Dll operation events (10 events):
Event: 0.027 Loaded shared library c:\Users\Emmanoel Gamer\.vscode\extensions\redhat.java-1.32.0-win32-x64\jre\17.0.11-win32-x86_64\bin\java.dll
Event: 1.257 Loaded shared library C:\Users\Emmanoel Gamer\.vscode\extensions\redhat.java-1.32.0-win32-x64\jre\17.0.11-win32-x86_64\bin\net.dll
Event: 1.259 Loaded shared library C:\Users\Emmanoel Gamer\.vscode\extensions\redhat.java-1.32.0-win32-x64\jre\17.0.11-win32-x86_64\bin\nio.dll
Event: 1.761 Loaded shared library C:\Users\Emmanoel Gamer\.vscode\extensions\redhat.java-1.32.0-win32-x64\jre\17.0.11-win32-x86_64\bin\zip.dll
Event: 20.481 Loaded shared library C:\Users\Emmanoel Gamer\.vscode\extensions\redhat.java-1.32.0-win32-x64\jre\17.0.11-win32-x86_64\bin\jimage.dll
Event: 23.484 Loaded shared library c:\Users\Emmanoel Gamer\.vscode\extensions\redhat.java-1.32.0-win32-x64\jre\17.0.11-win32-x86_64\bin\verify.dll
Event: 33.987 Loaded shared library C:\Users\Emmanoel Gamer\.vscode\extensions\redhat.java-1.32.0-win32-x64\jre\17.0.11-win32-x86_64\bin\management.dll
Event: 33.994 Loaded shared library C:\Users\Emmanoel Gamer\.vscode\extensions\redhat.java-1.32.0-win32-x64\jre\17.0.11-win32-x86_64\bin\management_ext.dll
Event: 35.813 Loaded shared library C:\Users\Emmanoel Gamer\.vscode\extensions\redhat.java-1.32.0-win32-x64\jre\17.0.11-win32-x86_64\bin\sunmscapi.dll
Event: 36.312 Loaded shared library C:\Users\Emmanoel Gamer\.vscode\extensions\redhat.java-1.32.0-win32-x64\jre\17.0.11-win32-x86_64\bin\extnet.dll

Deoptimization events (8 events):
Event: 34.589 Thread 0x000001e677ce9830 DEOPT PACKING pc=0x000001e66ac25181 sp=0x000000855a1fd9a0
Event: 34.589 Thread 0x000001e677ce9830 DEOPT UNPACKING pc=0x000001e66a737143 sp=0x000000855a1fce30 mode 3
Event: 34.665 Thread 0x000001e67217f1a0 DEOPT PACKING pc=0x000001e66ac07297 sp=0x000000855a2fefc0
Event: 34.665 Thread 0x000001e67217f1a0 DEOPT UNPACKING pc=0x000001e66a737143 sp=0x000000855a2fe418 mode 3
Event: 35.955 Thread 0x000001e677dc0090 DEOPT PACKING pc=0x000001e66a84a68c sp=0x000000855aefab40
Event: 35.955 Thread 0x000001e677dc0090 DEOPT UNPACKING pc=0x000001e66a737143 sp=0x000000855aefa008 mode 0
Event: 5731.731 Thread 0x000001e677ce9830 DEOPT PACKING pc=0x000001e66acfdfd4 sp=0x000000855a1feca0
Event: 5731.731 Thread 0x000001e677ce9830 DEOPT UNPACKING pc=0x000001e66a737143 sp=0x000000855a1fe148 mode 0

Classes unloaded (20 events):
Event: 94.772 Thread 0x000001e671fff520 Unloading class 0x000000010008e000 'java/lang/invoke/LambdaForm$MH+0x000000010008e000'
Event: 94.772 Thread 0x000001e671fff520 Unloading class 0x000000010008dc00 'java/lang/invoke/LambdaForm$MH+0x000000010008dc00'
Event: 94.772 Thread 0x000001e671fff520 Unloading class 0x000000010008d800 'java/lang/invoke/LambdaForm$MH+0x000000010008d800'
Event: 94.772 Thread 0x000001e671fff520 Unloading class 0x000000010008d400 'java/lang/invoke/LambdaForm$MH+0x000000010008d400'
Event: 94.772 Thread 0x000001e671fff520 Unloading class 0x000000010008cc00 'java/lang/invoke/LambdaForm$MH+0x000000010008cc00'
Event: 94.772 Thread 0x000001e671fff520 Unloading class 0x000000010008c800 'java/lang/invoke/LambdaForm$MH+0x000000010008c800'
Event: 94.772 Thread 0x000001e671fff520 Unloading class 0x000000010008c000 'java/lang/invoke/LambdaForm$MH+0x000000010008c000'
Event: 94.772 Thread 0x000001e671fff520 Unloading class 0x000000010008bc00 'java/lang/invoke/LambdaForm$MH+0x000000010008bc00'
Event: 6344.453 Thread 0x000001e671fff520 Unloading class 0x000000010008bc00 'java/lang/invoke/LambdaForm$MH+0x000000010008bc00'
Event: 6344.453 Thread 0x000001e671fff520 Unloading class 0x000000010008c000 'java/lang/invoke/LambdaForm$MH+0x000000010008c000'
Event: 6344.453 Thread 0x000001e671fff520 Unloading class 0x000000010008d400 'java/lang/invoke/LambdaForm$MH+0x000000010008d400'
Event: 6860.616 Thread 0x000001e671fff520 Unloading class 0x00000001003ab400 'java/lang/invoke/LambdaForm$MH+0x00000001003ab400'
Event: 6860.616 Thread 0x000001e671fff520 Unloading class 0x00000001003ac400 'java/lang/invoke/LambdaForm$MH+0x00000001003ac400'
Event: 6860.616 Thread 0x000001e671fff520 Unloading class 0x00000001003acc00 'java/lang/invoke/LambdaForm$MH+0x00000001003acc00'
Event: 6860.616 Thread 0x000001e671fff520 Unloading class 0x00000001003ad400 'java/lang/invoke/LambdaForm$MH+0x00000001003ad400'
Event: 6860.616 Thread 0x000001e671fff520 Unloading class 0x00000001003b8400 'java/lang/invoke/LambdaForm$MH+0x00000001003b8400'
Event: 6860.616 Thread 0x000001e671fff520 Unloading class 0x00000001003b8800 'java/lang/invoke/LambdaForm$MH+0x00000001003b8800'
Event: 6860.616 Thread 0x000001e671fff520 Unloading class 0x0000000100436000 'java/lang/invoke/LambdaForm$MH+0x0000000100436000'
Event: 6860.616 Thread 0x000001e671fff520 Unloading class 0x0000000100494400 'java/lang/invoke/LambdaForm$MH+0x0000000100494400'
Event: 6860.616 Thread 0x000001e671fff520 Unloading class 0x000000010008d400 'java/lang/invoke/LambdaForm$MH+0x000000010008d400'

Classes redefined (0 events):
No events

Internal exceptions (20 events):
Event: 6774.573 Thread 0x000001e678e4fad0 Exception <a 'java/lang/ArrayIndexOutOfBoundsException'{0x00000000c4548780}> (0x00000000c4548780) 
thrown [s\src\hotspot\share\runtime\sharedRuntime.cpp, line 631]
Event: 6774.631 Thread 0x000001e678e4fad0 Exception <a 'java/lang/ArrayIndexOutOfBoundsException'{0x00000000c441af68}> (0x00000000c441af68) 
thrown [s\src\hotspot\share\runtime\sharedRuntime.cpp, line 631]
Event: 6774.828 Thread 0x000001e677dc2e20 Exception <a 'java/lang/ArrayIndexOutOfBoundsException'{0x00000000c44fa768}> (0x00000000c44fa768) 
thrown [s\src\hotspot\share\runtime\sharedRuntime.cpp, line 631]
Event: 6775.068 Thread 0x000001e678e4fad0 Exception <a 'java/lang/ArrayIndexOutOfBoundsException'{0x00000000c437af00}> (0x00000000c437af00) 
thrown [s\src\hotspot\share\runtime\sharedRuntime.cpp, line 631]
Event: 6776.511 Thread 0x000001e678e4fad0 Exception <a 'java/lang/ArrayIndexOutOfBoundsException'{0x00000000c382dc50}> (0x00000000c382dc50) 
thrown [s\src\hotspot\share\runtime\sharedRuntime.cpp, line 631]
Event: 6776.592 Thread 0x000001e678e50a00 Exception <a 'java/lang/ArrayIndexOutOfBoundsException'{0x00000000c37c3888}> (0x00000000c37c3888) 
thrown [s\src\hotspot\share\runtime\sharedRuntime.cpp, line 631]
Event: 6777.139 Thread 0x000001e678e50a00 Exception <a 'java/lang/ArrayIndexOutOfBoundsException'{0x00000000ccb47d60}> (0x00000000ccb47d60) 
thrown [s\src\hotspot\share\runtime\sharedRuntime.cpp, line 631]
Event: 6777.235 Thread 0x000001e678e50a00 Exception <a 'java/lang/ArrayIndexOutOfBoundsException'{0x00000000ccbf8eb0}> (0x00000000ccbf8eb0) 
thrown [s\src\hotspot\share\runtime\sharedRuntime.cpp, line 631]
Event: 6777.288 Thread 0x000001e678e50a00 Exception <a 'java/lang/ArrayIndexOutOfBoundsException'{0x00000000cca6a178}> (0x00000000cca6a178) 
thrown [s\src\hotspot\share\runtime\sharedRuntime.cpp, line 631]
Event: 6777.413 Thread 0x000001e677dc2e20 Exception <a 'java/lang/ArrayIndexOutOfBoundsException'{0x00000000cc94ed48}> (0x00000000cc94ed48) 
thrown [s\src\hotspot\share\runtime\sharedRuntime.cpp, line 631]
Event: 6779.113 Thread 0x000001e678e50a00 Exception <a 'java/lang/ArrayIndexOutOfBoundsException'{0x00000000c3e8ff08}> (0x00000000c3e8ff08) 
thrown [s\src\hotspot\share\runtime\sharedRuntime.cpp, line 631]
Event: 6779.205 Thread 0x000001e678e50a00 Exception <a 'java/lang/ArrayIndexOutOfBoundsException'{0x00000000c3c0fca8}> (0x00000000c3c0fca8) 
thrown [s\src\hotspot\share\runtime\sharedRuntime.cpp, line 631]
Event: 6779.216 Thread 0x000001e678e50a00 Exception <a 'java/lang/ArrayIndexOutOfBoundsException'{0x00000000c3c80f80}> (0x00000000c3c80f80) 
thrown [s\src\hotspot\share\runtime\sharedRuntime.cpp, line 631]
Event: 6779.384 Thread 0x000001e677dc2e20 Exception <a 'java/lang/ArrayIndexOutOfBoundsException'{0x00000000c3b5e240}> (0x00000000c3b5e240) 
thrown [s\src\hotspot\share\runtime\sharedRuntime.cpp, line 631]
Event: 6780.125 Thread 0x000001e677dc14d0 Exception <a 'java/lang/ArrayIndexOutOfBoundsException'{0x00000000c461ba80}> (0x00000000c461ba80) 
thrown [s\src\hotspot\share\runtime\sharedRuntime.cpp, line 631]
Event: 6780.127 Thread 0x000001e677dc14d0 Exception <a 'java/lang/ArrayIndexOutOfBoundsException'{0x00000000c46e7c48}> (0x00000000c46e7c48) 
thrown [s\src\hotspot\share\runtime\sharedRuntime.cpp, line 631]
Event: 6804.874 Thread 0x000001e67217f1a0 Exception <a 'sun/nio/fs/WindowsException'{0x00000000c449a720}> (0x00000000c449a720) 
thrown [s\src\hotspot\share\prims\jni.cpp, line 516]
Event: 6804.874 Thread 0x000001e67217f1a0 Exception <a 'sun/nio/fs/WindowsException'{0x00000000c449ad58}> (0x00000000c449ad58) 
thrown [s\src\hotspot\share\prims\jni.cpp, line 516]
Event: 6814.743 Thread 0x000001e67217f1a0 Exception <a 'sun/nio/fs/WindowsException'{0x00000000c44e1fa0}> (0x00000000c44e1fa0) 
thrown [s\src\hotspot\share\prims\jni.cpp, line 516]
Event: 6814.744 Thread 0x000001e67217f1a0 Exception <a 'sun/nio/fs/WindowsException'{0x00000000c44e2630}> (0x00000000c44e2630) 
thrown [s\src\hotspot\share\prims\jni.cpp, line 516]

VM Operations (20 events):
Event: 17266.435 Executing VM operation: G1CollectFull done
Event: 17276.785 Executing VM operation: G1CollectFull
Event: 17276.830 Executing VM operation: G1CollectFull done
Event: 17287.076 Executing VM operation: G1CollectFull
Event: 17287.119 Executing VM operation: G1CollectFull done
Event: 17297.287 Executing VM operation: G1CollectFull
Event: 17297.323 Executing VM operation: G1CollectFull done
Event: 17307.520 Executing VM operation: G1CollectFull
Event: 17307.557 Executing VM operation: G1CollectFull done
Event: 17317.746 Executing VM operation: G1CollectFull
Event: 17317.784 Executing VM operation: G1CollectFull done
Event: 17327.978 Executing VM operation: G1CollectFull
Event: 17328.019 Executing VM operation: G1CollectFull done
Event: 17338.208 Executing VM operation: G1CollectFull
Event: 17338.252 Executing VM operation: G1CollectFull done
Event: 17348.472 Executing VM operation: G1CollectFull
Event: 17348.514 Executing VM operation: G1CollectFull done
Event: 17358.701 Executing VM operation: G1CollectFull
Event: 17358.748 Executing VM operation: G1CollectFull done
Event: 17368.852 Executing VM operation: G1CollectFull

Events (20 events):
Event: 6780.871 Thread 0x000001e672c25740 Thread exited: 0x000001e672c25740
Event: 6780.871 Thread 0x000001e678e51420 Thread added: 0x000001e678e51420
Event: 6780.876 loading class java/util/concurrent/CompletableFuture$DelayedExecutor
Event: 6780.876 loading class java/util/concurrent/CompletableFuture$DelayedExecutor done
Event: 6780.876 loading class java/util/concurrent/CompletableFuture$TaskSubmitter
Event: 6780.876 loading class java/util/concurrent/CompletableFuture$TaskSubmitter done
Event: 6780.876 loading class java/util/concurrent/CompletableFuture$Delayer
Event: 6780.876 loading class java/util/concurrent/CompletableFuture$Delayer done
Event: 6780.876 loading class java/util/concurrent/CompletableFuture$Delayer$DaemonThreadFactory
Event: 6780.876 loading class java/util/concurrent/CompletableFuture$Delayer$DaemonThreadFactory done
Event: 6780.876 Thread 0x000001e678e4eba0 Thread added: 0x000001e678e4eba0
Event: 6836.513 Thread 0x000001e678e4fad0 Thread exited: 0x000001e678e4fad0
Event: 6839.102 Thread 0x000001e678e52350 Thread exited: 0x000001e678e52350
Event: 6840.883 Thread 0x000001e678e51420 Thread exited: 0x000001e678e51420
Event: 6840.995 Thread 0x000001e678e50a00 Thread exited: 0x000001e678e50a00
Event: 6841.013 Thread 0x000001e678e4f5c0 Thread exited: 0x000001e678e4f5c0
Event: 6850.436 loading class java/io/RandomAccessFile$1
Event: 6850.436 loading class java/io/RandomAccessFile$1 done
Event: 6901.027 Thread 0x000001e678e4dc70 Thread exited: 0x000001e678e4dc70
Event: 6961.031 Thread 0x000001e678e4ffe0 Thread exited: 0x000001e678e4ffe0


Dynamic libraries:
0x00007ff740dc0000 - 0x00007ff740dce000 	c:\Users\Emmanoel Gamer\.vscode\extensions\redhat.java-1.32.0-win32-x64\jre\17.0.11-win32-x86_64\bin\java.exe
0x00007fff33f90000 - 0x00007fff341a7000 	C:\Windows\SYSTEM32\ntdll.dll
0x00007fff32870000 - 0x00007fff32934000 	C:\Windows\System32\KERNEL32.DLL
0x00007fff315c0000 - 0x00007fff3196d000 	C:\Windows\System32\KERNELBASE.dll
0x00007fff314a0000 - 0x00007fff315b1000 	C:\Windows\System32\ucrtbase.dll
0x00007fff05ae0000 - 0x00007fff05af7000 	c:\Users\Emmanoel Gamer\.vscode\extensions\redhat.java-1.32.0-win32-x64\jre\17.0.11-win32-x86_64\bin\jli.dll
0x00007fff33520000 - 0x00007fff336ce000 	C:\Windows\System32\USER32.dll
0x00007fff11960000 - 0x00007fff1197b000 	c:\Users\Emmanoel Gamer\.vscode\extensions\redhat.java-1.32.0-win32-x64\jre\17.0.11-win32-x86_64\bin\VCRUNTIME140.dll
0x00007fff31bb0000 - 0x00007fff31bd6000 	C:\Windows\System32\win32u.dll
0x00007fff1b040000 - 0x00007fff1b2d3000 	C:\Windows\WinSxS\amd64_microsoft.windows.common-controls_6595b64144ccf1df_6.0.22621.3672_none_2713b9d173822955\COMCTL32.dll
0x00007fff32970000 - 0x00007fff32a17000 	C:\Windows\System32\msvcrt.dll
0x00007fff32940000 - 0x00007fff32969000 	C:\Windows\System32\GDI32.dll
0x00007fff31380000 - 0x00007fff31499000 	C:\Windows\System32\gdi32full.dll
0x00007fff31970000 - 0x00007fff31a0a000 	C:\Windows\System32\msvcp_win.dll
0x00007fff33f10000 - 0x00007fff33f41000 	C:\Windows\System32\IMM32.DLL
0x00007fff25ab0000 - 0x00007fff25abc000 	c:\Users\Emmanoel Gamer\.vscode\extensions\redhat.java-1.32.0-win32-x64\jre\17.0.11-win32-x86_64\bin\vcruntime140_1.dll
0x00007ffee1720000 - 0x00007ffee17ad000 	c:\Users\Emmanoel Gamer\.vscode\extensions\redhat.java-1.32.0-win32-x64\jre\17.0.11-win32-x86_64\bin\msvcp140.dll
0x00007ffea93f0000 - 0x00007ffeaa052000 	c:\Users\Emmanoel Gamer\.vscode\extensions\redhat.java-1.32.0-win32-x64\jre\17.0.11-win32-x86_64\bin\server\jvm.dll
0x00007fff327b0000 - 0x00007fff32862000 	C:\Windows\System32\ADVAPI32.dll
0x00007fff336d0000 - 0x00007fff33779000 	C:\Windows\System32\sechost.dll
0x00007fff31a10000 - 0x00007fff31a38000 	C:\Windows\System32\bcrypt.dll
0x00007fff32690000 - 0x00007fff327a4000 	C:\Windows\System32\RPCRT4.dll
0x00007fff31180000 - 0x00007fff311cd000 	C:\Windows\SYSTEM32\POWRPROF.dll
0x00007fff1e000000 - 0x00007fff1e009000 	C:\Windows\SYSTEM32\WSOCK32.dll
0x00007fff31cd0000 - 0x00007fff31d41000 	C:\Windows\System32\WS2_32.dll
0x00007fff2a880000 - 0x00007fff2a8b4000 	C:\Windows\SYSTEM32\WINMM.dll
0x00007fff25d10000 - 0x00007fff25d1a000 	C:\Windows\SYSTEM32\VERSION.dll
0x00007fff310b0000 - 0x00007fff310c3000 	C:\Windows\SYSTEM32\UMPDC.dll
0x00007fff302f0000 - 0x00007fff30308000 	C:\Windows\SYSTEM32\kernel.appcore.dll
0x00007fff1c300000 - 0x00007fff1c30a000 	c:\Users\Emmanoel Gamer\.vscode\extensions\redhat.java-1.32.0-win32-x64\jre\17.0.11-win32-x86_64\bin\jimage.dll
0x00007fff170b0000 - 0x00007fff172e2000 	C:\Windows\SYSTEM32\DBGHELP.DLL
0x00007fff321d0000 - 0x00007fff32558000 	C:\Windows\System32\combase.dll
0x00007fff32be0000 - 0x00007fff32cb7000 	C:\Windows\System32\OLEAUT32.dll
0x00007fff17000000 - 0x00007fff17032000 	C:\Windows\SYSTEM32\dbgcore.DLL
0x00007fff31c50000 - 0x00007fff31ccb000 	C:\Windows\System32\bcryptPrimitives.dll
0x00007ffefa980000 - 0x00007ffefa9a5000 	c:\Users\Emmanoel Gamer\.vscode\extensions\redhat.java-1.32.0-win32-x64\jre\17.0.11-win32-x86_64\bin\java.dll
0x00007ffefef90000 - 0x00007ffefefa8000 	c:\Users\Emmanoel Gamer\.vscode\extensions\redhat.java-1.32.0-win32-x64\jre\17.0.11-win32-x86_64\bin\zip.dll
0x00007fff32cc0000 - 0x00007fff3351f000 	C:\Windows\System32\SHELL32.dll
0x00007fff2f210000 - 0x00007fff2fb0c000 	C:\Windows\SYSTEM32\windows.storage.dll
0x00007fff2f0d0000 - 0x00007fff2f20f000 	C:\Windows\SYSTEM32\wintypes.dll
0x00007fff33b30000 - 0x00007fff33c24000 	C:\Windows\System32\SHCORE.dll
0x00007fff33910000 - 0x00007fff3396e000 	C:\Windows\System32\shlwapi.dll
0x00007fff311f0000 - 0x00007fff31211000 	C:\Windows\SYSTEM32\profapi.dll
0x00007ffee7850000 - 0x00007ffee7869000 	C:\Users\Emmanoel Gamer\.vscode\extensions\redhat.java-1.32.0-win32-x64\jre\17.0.11-win32-x86_64\bin\net.dll
0x00007fff2b500000 - 0x00007fff2b636000 	C:\Windows\SYSTEM32\WINHTTP.dll
0x00007fff30760000 - 0x00007fff307c9000 	C:\Windows\system32\mswsock.dll
0x00007ffee6ac0000 - 0x00007ffee6ad6000 	C:\Users\Emmanoel Gamer\.vscode\extensions\redhat.java-1.32.0-win32-x64\jre\17.0.11-win32-x86_64\bin\nio.dll
0x00007fff18a10000 - 0x00007fff18a20000 	c:\Users\Emmanoel Gamer\.vscode\extensions\redhat.java-1.32.0-win32-x64\jre\17.0.11-win32-x86_64\bin\verify.dll
0x00007fff309c0000 - 0x00007fff309db000 	C:\Windows\SYSTEM32\CRYPTSP.dll
0x00007fff30250000 - 0x00007fff30285000 	C:\Windows\system32\rsaenh.dll
0x00007fff30860000 - 0x00007fff30888000 	C:\Windows\SYSTEM32\USERENV.dll
0x00007fff309e0000 - 0x00007fff309ec000 	C:\Windows\SYSTEM32\CRYPTBASE.dll
0x00007fff2fd70000 - 0x00007fff2fd9d000 	C:\Windows\SYSTEM32\IPHLPAPI.DLL
0x00007fff33780000 - 0x00007fff33789000 	C:\Windows\System32\NSI.dll
0x00007fff2ad20000 - 0x00007fff2ad39000 	C:\Windows\SYSTEM32\dhcpcsvc6.DLL
0x00007fff2aa10000 - 0x00007fff2aa2f000 	C:\Windows\SYSTEM32\dhcpcsvc.DLL
0x00007fff2fde0000 - 0x00007fff2fed8000 	C:\Windows\SYSTEM32\DNSAPI.dll
0x00007fff180d0000 - 0x00007fff180d9000 	C:\Users\Emmanoel Gamer\.vscode\extensions\redhat.java-1.32.0-win32-x64\jre\17.0.11-win32-x86_64\bin\management.dll
0x00007fff17950000 - 0x00007fff1795b000 	C:\Users\Emmanoel Gamer\.vscode\extensions\redhat.java-1.32.0-win32-x64\jre\17.0.11-win32-x86_64\bin\management_ext.dll
0x00007fff33790000 - 0x00007fff33798000 	C:\Windows\System32\PSAPI.DLL
0x00007fff18270000 - 0x00007fff1827e000 	C:\Users\Emmanoel Gamer\.vscode\extensions\redhat.java-1.32.0-win32-x64\jre\17.0.11-win32-x86_64\bin\sunmscapi.dll
0x00007fff31a40000 - 0x00007fff31ba7000 	C:\Windows\System32\CRYPT32.dll
0x00007fff30b80000 - 0x00007fff30bae000 	C:\Windows\SYSTEM32\ncrypt.dll
0x00007fff30b40000 - 0x00007fff30b77000 	C:\Windows\SYSTEM32\NTASN1.dll
0x00007fff28c20000 - 0x00007fff28c2a000 	C:\Windows\System32\rasadhlp.dll
0x00007fff29800000 - 0x00007fff29883000 	C:\Windows\System32\fwpuclnt.dll
0x00007fff17490000 - 0x00007fff17499000 	C:\Users\Emmanoel Gamer\.vscode\extensions\redhat.java-1.32.0-win32-x64\jre\17.0.11-win32-x86_64\bin\extnet.dll

dbghelp: loaded successfully - version: 4.0.5 - missing functions: none
symbol engine: initialized successfully - sym options: 0x614 - pdb path: .;c:\Users\Emmanoel Gamer\.vscode\extensions\redhat.java-1.32.0-win32-x64\jre\17.0.11-win32-x86_64\bin;C:\Windows\SYSTEM32;C:\Windows\WinSxS\amd64_microsoft.windows.common-controls_6595b64144ccf1df_6.0.22621.3672_none_2713b9d173822955;c:\Users\Emmanoel Gamer\.vscode\extensions\redhat.java-1.32.0-win32-x64\jre\17.0.11-win32-x86_64\bin\server

VM Arguments:
jvm_args: -Xmx1024m -Dsts.lsp.client=vscode -Dsts.log.file=/dev/null -XX:TieredStopAtLevel=1 -Xlog:jni+resolve=off -Dspring.config.location=file:c:\Users\Emmanoel Gamer\.vscode\extensions\vmware.vscode-spring-boot-1.56.0\language-server\BOOT-INF\classes\application.properties 
java_command: org.springframework.ide.vscode.boot.app.BootLanguageServerBootApp
java_class_path (initial): c:\Users\Emmanoel Gamer\.vscode\extensions\vmware.vscode-spring-boot-1.56.0\language-server\BOOT-INF\classes;c:\Users\Emmanoel Gamer\.vscode\extensions\vmware.vscode-spring-boot-1.56.0\language-server\BOOT-INF\lib\annotations-24.1.0.jar;c:\Users\Emmanoel Gamer\.vscode\extensions\vmware.vscode-spring-boot-1.56.0\language-server\BOOT-INF\lib\antlr4-runtime-4.13.1.jar;c:\Users\Emmanoel Gamer\.vscode\extensions\vmware.vscode-spring-boot-1.56.0\language-server\BOOT-INF\lib\asm-9.7.jar;c:\Users\Emmanoel Gamer\.vscode\extensions\vmware.vscode-spring-boot-1.56.0\language-server\BOOT-INF\lib\asm-analysis-9.7.jar;c:\Users\Emmanoel Gamer\.vscode\extensions\vmware.vscode-spring-boot-1.56.0\language-server\BOOT-INF\lib\asm-tree-9.7.jar;c:\Users\Emmanoel Gamer\.vscode\extensions\vmware.vscode-spring-boot-1.56.0\language-server\BOOT-INF\lib\asm-util-9.7.jar;c:\Users\Emmanoel Gamer\.vscode\extensions\vmware.vscode-spring-boot-1.56.0\language-server\BOOT-INF\lib\caffeine-3.1.8.jar;c:\Users\Emmanoel Gamer\.vscode\extensions\vmware.vscode-spring-boot-1.56.0\language-server\BOOT-INF\lib\checker-qual-3.12.0.jar;c:\Users\Emmanoel Gamer\.vscode\extensions\vmware.vscode-spring-boot-1.56.0\language-server\BOOT-INF\lib\classgraph-4.8.149.jar;c:\Users\Emmanoel Gamer\.vscode\extensions\vmware.vscode-spring-boot-1.56.0\language-server\BOOT-INF\lib\commons-codec-1.16.1.jar;c:\Users\Emmanoel Gamer\.vscode\extensions\vmware.vscode-spring-boot-1.56.0\language-server\BOOT-INF\lib\commons-compress-1.26.2.jar;c:\Users\Emmanoel Gamer\.vscode\extensions\vmware.vscode-spring-boot-1.56.0\language-server\BOOT-INF\lib\commons-io-2.16.1.jar;c:\Users\Emmanoel Gamer\.vscode\extensions\vmware.vscode-spring-boot-1.56.0\language-server\BOOT-INF\lib\commons-java-1.56.0-SNAPSHOT.jar;c:\Users\Emmanoel Gamer\.vscode\extensions\vmware.vscode-spring-boot-1.56.0\language-server\BOOT-INF\lib\commons-lang3-3.14.0.jar;c:\Users\Emmanoel Gamer\.vscode\extensions\vmware.vscode-spring-boot-1.56.0\l
Launcher Type: SUN_STANDARD

[Global flags]
     intx CICompilerCount                          = 3                                         {product} {ergonomic}
     uint ConcGCThreads                            = 1                                         {product} {ergonomic}
     uint G1ConcRefinementThreads                  = 4                                         {product} {ergonomic}
   size_t G1HeapRegionSize                         = 1048576                                   {product} {ergonomic}
    uintx GCDrainStackTargetSize                   = 64                                        {product} {ergonomic}
   size_t InitialHeapSize                          = 260046848                                 {product} {ergonomic}
   size_t MarkStackSize                            = 4194304                                   {product} {ergonomic}
   size_t MaxHeapSize                              = 1073741824                                {product} {command line}
   size_t MaxNewSize                               = 643825664                                 {product} {ergonomic}
   size_t MinHeapDeltaBytes                        = 1048576                                   {product} {ergonomic}
   size_t MinHeapSize                              = 8388608                                   {product} {ergonomic}
    uintx NonProfiledCodeHeapSize                  = 0                                      {pd product} {ergonomic}
     bool ProfileInterpreter                       = false                                  {pd product} {command line}
    uintx ProfiledCodeHeapSize                     = 0                                      {pd product} {ergonomic}
   size_t SoftMaxHeapSize                          = 1073741824                             {manageable} {ergonomic}
     intx TieredStopAtLevel                        = 1                                         {product} {command line}
     bool UseCompressedClassPointers               = true                           {product lp64_product} {ergonomic}
     bool UseCompressedOops                        = true                           {product lp64_product} {ergonomic}
     bool UseG1GC                                  = true                                      {product} {ergonomic}
     bool UseLargePagesIndividualAllocation        = false                                  {pd product} {ergonomic}

Logging:
Log output configuration:
 #0: stdout all=warning,jni+resolve=off uptime,level,tags
 #1: stderr all=off uptime,level,tags

Environment Variables:
JAVA_HOME=C:\Program Files\Java\jdk-21
CLASSPATH=.;JAVA_HOME%\lib;
PATH=C:\Program Files\Common Files\Oracle\Java\javapath;C:\Program Files (x86)\Common Files\Oracle\Java\java8path;C:\Program Files (x86)\Common Files\Oracle\Java\javapath;C:\Windows\system32;C:\Windows;C:\Windows\System32\Wbem;C:\Windows\System32\WindowsPowerShell\v1.0\;C:\Windows\System32\OpenSSH\;C:\Program Files\dotnet\;C:\Program Files\Java\jdk-21\bin;C:\Program Files\nodejs\;C:\Program Files\Git\cmd;C:\Users\Emmanoel Gamer\AppData\Local\Microsoft\WindowsApps;C:\Users\Emmanoel Gamer\AppData\Local\Programs\Microsoft VS Code\bin;C:\Users\Emmanoel Gamer\AppData\Roaming\npm;C:\Program Files\Java\jdk-21\bin
USERNAME=Emmanoel Gamer
OS=Windows_NT
PROCESSOR_IDENTIFIER=Intel64 Family 6 Model 60 Stepping 3, GenuineIntel
TMP=C:\Users\EMMANO~1\AppData\Local\Temp
TEMP=C:\Users\EMMANO~1\AppData\Local\Temp



Periodic native trim disabled


---------------  S Y S T E M  ---------------

OS:
 Windows 11 , 64 bit Build 22621 (10.0.22621.3672)
OS uptime: 3 days 2:58 hours

CPU: total 4 (initial active 4) (2 cores per cpu, 2 threads per core) family 6 model 60 stepping 3 microcode 0x28, cx8, cmov, fxsr, ht, mmx, sse, sse2, sse3, ssse3, sse4.1, sse4.2, popcnt, lzcnt, tsc, tscinvbit, avx, avx2, aes, erms, clmul, bmi1, bmi2, fma, vzeroupper, clflush
Processor Information for all 4 processors :
  Max Mhz: 3700, Current Mhz: 3700, Mhz Limit: 3700

Memory: 4k page, system-wide physical 15791M (5051M free)
TotalPageFile size 17580M (AvailPageFile size 5M)
current process WorkingSet (physical memory assigned to process): 64M, peak: 216M
current process commit charge ("private bytes"): 241M, peak: 349M

vm_info: OpenJDK 64-Bit Server VM (17.0.11+9) for windows-amd64 JRE (17.0.11+9), built on Apr 17 2024 06:07:48 by "admin" with MS VC++ 16.10 / 16.11 (VS2019)

END.
