#
# There is insufficient memory for the Java Runtime Environment to continue.
# Native memory allocation (mmap) failed to map 260046848 bytes. Error detail: G1 virtual space
# Possible reasons:
#   The system is out of physical RAM or swap space
#   This process is running with CompressedOops enabled, and the Java Heap may be blocking the growth of the native heap
# Possible solutions:
#   Reduce memory load on the system
#   Increase physical memory or swap space
#   Check if swap backing store is full
#   Decrease Java heap size (-Xmx/-Xms)
#   Decrease number of Java threads
#   Decrease Java thread stack sizes (-Xss)
#   Set larger code cache with -XX:ReservedCodeCacheSize=
#   JVM is running with Unscaled Compressed Oops mode in which the Java heap is
#     placed in the first 4GB address space. The Java Heap base address is the
#     maximum limit for the native heap growth. Please use -XX:HeapBaseMinAddress
#     to set the Java Heap base and to place the Java Heap above 4GB virtual address.
# This output file may be truncated or incomplete.
#
#  Out of Memory Error (os_windows.cpp:3613), pid=17452, tid=21164
#
# JRE version:  (17.0.11+9) (build )
# Java VM: OpenJDK 64-Bit Server VM (17.0.11+9, mixed mode, emulated-client, sharing, tiered, compressed oops, compressed class ptrs, g1 gc, windows-amd64)
# No core dump will be written. Minidumps are not enabled by default on client versions of Windows
#

---------------  S U M M A R Y ------------

Command Line: -Xmx1024m -Dsts.lsp.client=vscode -Dsts.log.file=/dev/null -XX:TieredStopAtLevel=1 -Xlog:jni+resolve=off -Dspring.config.location=file:c:\Users\Emmanoel Gamer\.vscode\extensions\vmware.vscode-spring-boot-1.56.0\language-server\BOOT-INF\classes\application.properties org.springframework.ide.vscode.boot.app.BootLanguageServerBootApp

Host: Intel(R) Core(TM) i3-4170 CPU @ 3.70GHz, 4 cores, 15G,  Windows 11 , 64 bit Build 22621 (10.0.22621.3672)
Time: Sat Jul 27 19:40:04 2024 Hora oficial do Brasil elapsed time: 0.021203 seconds (0d 0h 0m 0s)

---------------  T H R E A D  ---------------

Current thread (0x000002a8b94f82e0):  JavaThread "Unknown thread" [_thread_in_vm, id=21164, stack(0x000000cac3c00000,0x000000cac3d00000)]

Stack: [0x000000cac3c00000,0x000000cac3d00000]
Native frames: (J=compiled Java code, j=interpreted, Vv=VM code, C=native code)
V  [jvm.dll+0x67d429]
V  [jvm.dll+0x834b7a]
V  [jvm.dll+0x83663e]
V  [jvm.dll+0x836ca3]
V  [jvm.dll+0x247dbf]
V  [jvm.dll+0x67a269]
V  [jvm.dll+0x66ecda]
V  [jvm.dll+0x30797b]
V  [jvm.dll+0x30ee26]
V  [jvm.dll+0x35e80e]
V  [jvm.dll+0x35ea3f]
V  [jvm.dll+0x2de6b8]
V  [jvm.dll+0x2df624]
V  [jvm.dll+0x806531]
V  [jvm.dll+0x36c561]
V  [jvm.dll+0x7e4f56]
V  [jvm.dll+0x3efdcf]
V  [jvm.dll+0x3f1921]
C  [jli.dll+0x528f]
C  [ucrtbase.dll+0x29333]
C  [KERNEL32.DLL+0x1257d]
C  [ntdll.dll+0x5af28]


---------------  P R O C E S S  ---------------

Threads class SMR info:
_java_thread_list=0x00007ffea9f1eed8, length=0, elements={
}

Java Threads: ( => current thread )

Other Threads:
  0x000002a8b9535f70 GCTaskThread "GC Thread#0" [stack: 0x000000cac3d00000,0x000000cac3e00000] [id=20300]
  0x000002a8b953eec0 ConcurrentGCThread "G1 Main Marker" [stack: 0x000000cac3e00000,0x000000cac3f00000] [id=20724]
  0x000002a8b953f8e0 ConcurrentGCThread "G1 Conc#0" [stack: 0x000000cac3f00000,0x000000cac4000000] [id=13652]

[error occurred during error reporting (printing all threads), id 0xc0000005, EXCEPTION_ACCESS_VIOLATION (0xc0000005) at pc=0x00007ffea96df0f7]

VM state: not at safepoint (not fully initialized)

VM Mutex/Monitor currently owned by a thread:  ([mutex/lock_event])
[0x000002a8b731e440] Heap_lock - owner thread: 0x000002a8b94f82e0

Heap address: 0x00000000c0000000, size: 1024 MB, Compressed Oops mode: 32-bit

CDS archive(s) mapped at: [0x0000000000000000-0x0000000000000000-0x0000000000000000), size 0, SharedBaseAddress: 0x0000000800000000, ArchiveRelocationMode: 1.
Narrow klass base: 0x0000000000000000, Narrow klass shift: 0, Narrow klass range: 0x0

GC Precious Log:
<Empty>

Heap:
 garbage-first heap   total 0K, used 0K [0x00000000c0000000, 0x0000000100000000)
  region size 1024K, 0 young (0K), 0 survivors (0K)

[error occurred during error reporting (printing heap information), id 0xc0000005, EXCEPTION_ACCESS_VIOLATION (0xc0000005) at pc=0x00007ffea9ac70c9]

GC Heap History (0 events):
No events

Dll operation events (1 events):
Event: 0.012 Loaded shared library c:\Users\Emmanoel Gamer\.vscode\extensions\redhat.java-1.32.0-win32-x64\jre\17.0.11-win32-x86_64\bin\java.dll

Deoptimization events (0 events):
No events

Classes unloaded (0 events):
No events

Classes redefined (0 events):
No events

Internal exceptions (0 events):
No events

VM Operations (0 events):
No events

Events (0 events):
No events


Dynamic libraries:
0x00007ff740dc0000 - 0x00007ff740dce000 	c:\Users\Emmanoel Gamer\.vscode\extensions\redhat.java-1.32.0-win32-x64\jre\17.0.11-win32-x86_64\bin\java.exe
0x00007fff33f90000 - 0x00007fff341a7000 	C:\Windows\SYSTEM32\ntdll.dll
0x00007fff32870000 - 0x00007fff32934000 	C:\Windows\System32\KERNEL32.DLL
0x00007fff315c0000 - 0x00007fff3196d000 	C:\Windows\System32\KERNELBASE.dll
0x00007fff314a0000 - 0x00007fff315b1000 	C:\Windows\System32\ucrtbase.dll
0x00007fff05ae0000 - 0x00007fff05af7000 	c:\Users\Emmanoel Gamer\.vscode\extensions\redhat.java-1.32.0-win32-x64\jre\17.0.11-win32-x86_64\bin\jli.dll
0x00007fff33520000 - 0x00007fff336ce000 	C:\Windows\System32\USER32.dll
0x00007fff31bb0000 - 0x00007fff31bd6000 	C:\Windows\System32\win32u.dll
0x00007fff32940000 - 0x00007fff32969000 	C:\Windows\System32\GDI32.dll
0x00007fff31380000 - 0x00007fff31499000 	C:\Windows\System32\gdi32full.dll
0x00007fff31970000 - 0x00007fff31a0a000 	C:\Windows\System32\msvcp_win.dll
0x00007fff11960000 - 0x00007fff1197b000 	c:\Users\Emmanoel Gamer\.vscode\extensions\redhat.java-1.32.0-win32-x64\jre\17.0.11-win32-x86_64\bin\VCRUNTIME140.dll
0x00007fff1b040000 - 0x00007fff1b2d3000 	C:\Windows\WinSxS\amd64_microsoft.windows.common-controls_6595b64144ccf1df_6.0.22621.3672_none_2713b9d173822955\COMCTL32.dll
0x00007fff32970000 - 0x00007fff32a17000 	C:\Windows\System32\msvcrt.dll
0x00007fff33f10000 - 0x00007fff33f41000 	C:\Windows\System32\IMM32.DLL
0x00007fff25ab0000 - 0x00007fff25abc000 	c:\Users\Emmanoel Gamer\.vscode\extensions\redhat.java-1.32.0-win32-x64\jre\17.0.11-win32-x86_64\bin\vcruntime140_1.dll
0x00007ffee1720000 - 0x00007ffee17ad000 	c:\Users\Emmanoel Gamer\.vscode\extensions\redhat.java-1.32.0-win32-x64\jre\17.0.11-win32-x86_64\bin\msvcp140.dll
0x00007ffea93f0000 - 0x00007ffeaa052000 	c:\Users\Emmanoel Gamer\.vscode\extensions\redhat.java-1.32.0-win32-x64\jre\17.0.11-win32-x86_64\bin\server\jvm.dll
0x00007fff327b0000 - 0x00007fff32862000 	C:\Windows\System32\ADVAPI32.dll
0x00007fff336d0000 - 0x00007fff33779000 	C:\Windows\System32\sechost.dll
0x00007fff31a10000 - 0x00007fff31a38000 	C:\Windows\System32\bcrypt.dll
0x00007fff32690000 - 0x00007fff327a4000 	C:\Windows\System32\RPCRT4.dll
0x00007fff31180000 - 0x00007fff311cd000 	C:\Windows\SYSTEM32\POWRPROF.dll
0x00007fff1e000000 - 0x00007fff1e009000 	C:\Windows\SYSTEM32\WSOCK32.dll
0x00007fff31cd0000 - 0x00007fff31d41000 	C:\Windows\System32\WS2_32.dll
0x00007fff2a880000 - 0x00007fff2a8b4000 	C:\Windows\SYSTEM32\WINMM.dll
0x00007fff25d10000 - 0x00007fff25d1a000 	C:\Windows\SYSTEM32\VERSION.dll
0x00007fff310b0000 - 0x00007fff310c3000 	C:\Windows\SYSTEM32\UMPDC.dll
0x00007fff302f0000 - 0x00007fff30308000 	C:\Windows\SYSTEM32\kernel.appcore.dll
0x00007fff1c300000 - 0x00007fff1c30a000 	c:\Users\Emmanoel Gamer\.vscode\extensions\redhat.java-1.32.0-win32-x64\jre\17.0.11-win32-x86_64\bin\jimage.dll
0x00007fff170b0000 - 0x00007fff172e2000 	C:\Windows\SYSTEM32\DBGHELP.DLL
0x00007fff321d0000 - 0x00007fff32558000 	C:\Windows\System32\combase.dll
0x00007fff32be0000 - 0x00007fff32cb7000 	C:\Windows\System32\OLEAUT32.dll
0x00007fff17000000 - 0x00007fff17032000 	C:\Windows\SYSTEM32\dbgcore.DLL
0x00007fff31c50000 - 0x00007fff31ccb000 	C:\Windows\System32\bcryptPrimitives.dll
0x00007ffefa980000 - 0x00007ffefa9a5000 	c:\Users\Emmanoel Gamer\.vscode\extensions\redhat.java-1.32.0-win32-x64\jre\17.0.11-win32-x86_64\bin\java.dll

dbghelp: loaded successfully - version: 4.0.5 - missing functions: none
symbol engine: initialized successfully - sym options: 0x614 - pdb path: .;c:\Users\Emmanoel Gamer\.vscode\extensions\redhat.java-1.32.0-win32-x64\jre\17.0.11-win32-x86_64\bin;C:\Windows\SYSTEM32;C:\Windows\WinSxS\amd64_microsoft.windows.common-controls_6595b64144ccf1df_6.0.22621.3672_none_2713b9d173822955;c:\Users\Emmanoel Gamer\.vscode\extensions\redhat.java-1.32.0-win32-x64\jre\17.0.11-win32-x86_64\bin\server

VM Arguments:
jvm_args: -Xmx1024m -Dsts.lsp.client=vscode -Dsts.log.file=/dev/null -XX:TieredStopAtLevel=1 -Xlog:jni+resolve=off -Dspring.config.location=file:c:\Users\Emmanoel Gamer\.vscode\extensions\vmware.vscode-spring-boot-1.56.0\language-server\BOOT-INF\classes\application.properties 
java_command: org.springframework.ide.vscode.boot.app.BootLanguageServerBootApp
java_class_path (initial): c:\Users\Emmanoel Gamer\.vscode\extensions\vmware.vscode-spring-boot-1.56.0\language-server\BOOT-INF\classes;c:\Users\Emmanoel Gamer\.vscode\extensions\vmware.vscode-spring-boot-1.56.0\language-server\BOOT-INF\lib\annotations-24.1.0.jar;c:\Users\Emmanoel Gamer\.vscode\extensions\vmware.vscode-spring-boot-1.56.0\language-server\BOOT-INF\lib\antlr4-runtime-4.13.1.jar;c:\Users\Emmanoel Gamer\.vscode\extensions\vmware.vscode-spring-boot-1.56.0\language-server\BOOT-INF\lib\asm-9.7.jar;c:\Users\Emmanoel Gamer\.vscode\extensions\vmware.vscode-spring-boot-1.56.0\language-server\BOOT-INF\lib\asm-analysis-9.7.jar;c:\Users\Emmanoel Gamer\.vscode\extensions\vmware.vscode-spring-boot-1.56.0\language-server\BOOT-INF\lib\asm-tree-9.7.jar;c:\Users\Emmanoel Gamer\.vscode\extensions\vmware.vscode-spring-boot-1.56.0\language-server\BOOT-INF\lib\asm-util-9.7.jar;c:\Users\Emmanoel Gamer\.vscode\extensions\vmware.vscode-spring-boot-1.56.0\language-server\BOOT-INF\lib\caffeine-3.1.8.jar;c:\Users\Emmanoel Gamer\.vscode\extensions\vmware.vscode-spring-boot-1.56.0\language-server\BOOT-INF\lib\checker-qual-3.12.0.jar;c:\Users\Emmanoel Gamer\.vscode\extensions\vmware.vscode-spring-boot-1.56.0\language-server\BOOT-INF\lib\classgraph-4.8.149.jar;c:\Users\Emmanoel Gamer\.vscode\extensions\vmware.vscode-spring-boot-1.56.0\language-server\BOOT-INF\lib\commons-codec-1.16.1.jar;c:\Users\Emmanoel Gamer\.vscode\extensions\vmware.vscode-spring-boot-1.56.0\language-server\BOOT-INF\lib\commons-compress-1.26.2.jar;c:\Users\Emmanoel Gamer\.vscode\extensions\vmware.vscode-spring-boot-1.56.0\language-server\BOOT-INF\lib\commons-io-2.16.1.jar;c:\Users\Emmanoel Gamer\.vscode\extensions\vmware.vscode-spring-boot-1.56.0\language-server\BOOT-INF\lib\commons-java-1.56.0-SNAPSHOT.jar;c:\Users\Emmanoel Gamer\.vscode\extensions\vmware.vscode-spring-boot-1.56.0\language-server\BOOT-INF\lib\commons-lang3-3.14.0.jar;c:\Users\Emmanoel Gamer\.vscode\extensions\vmware.vscode-spring-boot-1.56.0\l
Launcher Type: SUN_STANDARD

[Global flags]
     intx CICompilerCount                          = 3                                         {product} {ergonomic}
     uint ConcGCThreads                            = 1                                         {product} {ergonomic}
     uint G1ConcRefinementThreads                  = 4                                         {product} {ergonomic}
   size_t G1HeapRegionSize                         = 1048576                                   {product} {ergonomic}
    uintx GCDrainStackTargetSize                   = 64                                        {product} {ergonomic}
   size_t InitialHeapSize                          = 260046848                                 {product} {ergonomic}
   size_t MarkStackSize                            = 4194304                                   {product} {ergonomic}
   size_t MaxHeapSize                              = 1073741824                                {product} {command line}
   size_t MinHeapDeltaBytes                        = 1048576                                   {product} {ergonomic}
   size_t MinHeapSize                              = 8388608                                   {product} {ergonomic}
    uintx NonProfiledCodeHeapSize                  = 0                                      {pd product} {ergonomic}
     bool ProfileInterpreter                       = false                                  {pd product} {command line}
    uintx ProfiledCodeHeapSize                     = 0                                      {pd product} {ergonomic}
   size_t SoftMaxHeapSize                          = 1073741824                             {manageable} {ergonomic}
     intx TieredStopAtLevel                        = 1                                         {product} {command line}
     bool UseCompressedClassPointers               = true                           {product lp64_product} {ergonomic}
     bool UseCompressedOops                        = true                           {product lp64_product} {ergonomic}
     bool UseG1GC                                  = true                                      {product} {ergonomic}
     bool UseLargePagesIndividualAllocation        = false                                  {pd product} {ergonomic}

Logging:
Log output configuration:
 #0: stdout all=warning,jni+resolve=off uptime,level,tags (reconfigured)
 #1: stderr all=off uptime,level,tags

Environment Variables:
JAVA_HOME=C:\Program Files\Java\jdk-21
CLASSPATH=.;JAVA_HOME%\lib;
PATH=C:\Program Files\Common Files\Oracle\Java\javapath;C:\Program Files (x86)\Common Files\Oracle\Java\java8path;C:\Program Files (x86)\Common Files\Oracle\Java\javapath;C:\Windows\system32;C:\Windows;C:\Windows\System32\Wbem;C:\Windows\System32\WindowsPowerShell\v1.0\;C:\Windows\System32\OpenSSH\;C:\Program Files\dotnet\;C:\Program Files\Java\jdk-21\bin;C:\Program Files\nodejs\;C:\Program Files\Git\cmd;C:\Users\Emmanoel Gamer\AppData\Local\Microsoft\WindowsApps;C:\Users\Emmanoel Gamer\AppData\Local\Programs\Microsoft VS Code\bin;C:\Users\Emmanoel Gamer\AppData\Roaming\npm;C:\Program Files\Java\jdk-21\bin
USERNAME=Emmanoel Gamer
OS=Windows_NT
PROCESSOR_IDENTIFIER=Intel64 Family 6 Model 60 Stepping 3, GenuineIntel
TMP=C:\Users\EMMANO~1\AppData\Local\Temp
TEMP=C:\Users\EMMANO~1\AppData\Local\Temp



Periodic native trim disabled


---------------  S Y S T E M  ---------------

OS:
 Windows 11 , 64 bit Build 22621 (10.0.22621.3672)
OS uptime: 3 days 2:58 hours

CPU: total 4 (initial active 4) (2 cores per cpu, 2 threads per core) family 6 model 60 stepping 3 microcode 0x28, cx8, cmov, fxsr, ht, mmx, sse, sse2, sse3, ssse3, sse4.1, sse4.2, popcnt, lzcnt, tsc, tscinvbit, avx, avx2, aes, erms, clmul, bmi1, bmi2, fma, vzeroupper, clflush
Processor Information for all 4 processors :
  Max Mhz: 3700, Current Mhz: 3700, Mhz Limit: 3700

Memory: 4k page, system-wide physical 15791M (4727M free)
TotalPageFile size 17580M (AvailPageFile size 56M)
current process WorkingSet (physical memory assigned to process): 11M, peak: 11M
current process commit charge ("private bytes"): 46M, peak: 294M

vm_info: OpenJDK 64-Bit Server VM (17.0.11+9) for windows-amd64 JRE (17.0.11+9), built on Apr 17 2024 06:07:48 by "admin" with MS VC++ 16.10 / 16.11 (VS2019)

END.
